test/Checkpoints_tests.cpp(24): error in "sanity": check !Checkpoints::CheckBlock(1500, p120000) failed
test/Checkpoints_tests.cpp(25): error in "sanity": check !Checkpoints::CheckBlock(120000, p1500) failed
test/DoS_tests.cpp(128): error in "DoS_checknbits": check !CheckNBits(firstcheck.second, lastcheck.first+60*60*24*14, lastcheck.second, lastcheck.first) failed
test/key_tests.cpp(59): error in "key_test1": check bsecret1.SetString (strSecret1) failed
test/key_tests.cpp(60): error in "key_test1": check bsecret2.SetString (strSecret2) failed
test/key_tests.cpp(61): error in "key_test1": check bsecret1C.SetString(strSecret1C) failed
test/key_tests.cpp(62): error in "key_test1": check bsecret2C.SetString(strSecret2C) failed
test/key_tests.cpp(84): error in "key_test1": check addr1.Get() == CTxDestination(key1.GetPubKey().GetID()) failed
test/key_tests.cpp(85): error in "key_test1": check addr2.Get() == CTxDestination(key2.GetPubKey().GetID()) failed
test/key_tests.cpp(86): error in "key_test1": check addr1C.Get() == CTxDestination(key1C.GetPubKey().GetID()) failed
test/key_tests.cpp(87): error in "key_test1": check addr2C.Get() == CTxDestination(key2C.GetPubKey().GetID()) failed

*** 11 failures detected in test suite "Bitcoin Test Suite"