Running 95 test cases...
unknown location(0): fatal error in "rpc_rawsign": std::runtime_error: Invalid private key
test/rpc_tests.cpp(166): last checkpoint
test/bloom_tests.cpp(94): error in "bloom_create_insert_key": check { stream.begin(), stream.end() } == { expected.begin(), expected.end() } failed.
Mismatch in a position 1:  != "
Mismatch in a position 2: ₧ != φ
Mismatch in a position 3: ƒ != #
test/base58_tests.cpp(219): error in "base58_keys_valid_gen": mismatch: ["RGk1GAXJTFXf6sABTApG6m6tbd7EZnUbWB","03d09ee8470284d29d56ec81accf0360f79ae0718c278088ce26b6ac32695025a2",{"addrType":"pubkey","isPrivkey":false,"isTestnet":false}]
test/base58_tests.cpp(219): error in "base58_keys_valid_gen": mismatch: ["nW3Zto7tmEB4kjxCcJ8LWmiV3Wv177o9At","0362a36d76d35643f9d396dc3ca46f4da006ffbad630115fe9184b813f2194d2b4",{"addrType":"pubkey","isPrivkey":false,"isTestnet":true}]
test/base58_tests.cpp(219): error in "base58_keys_valid_gen": mismatch: ["RRCYhhAoyrTwtJYrZvRgDHYtpHZG6oXY7F","03E53B6EF7514CA75292F278061435BFC736F7952D66217BA29B792DF9A35CB8EA",{"addrType":"pubkey","isPrivkey":false,"isTestnet":false}]
test/alert_tests.cpp(126): error in "AlertApplies": check alert.CheckSignature() failed
test/alert_tests.cpp(126): error in "AlertApplies": check alert.CheckSignature() failed
test/alert_tests.cpp(126): error in "AlertApplies": check alert.CheckSignature() failed
test/alert_tests.cpp(126): error in "AlertApplies": check alert.CheckSignature() failed
test/alert_tests.cpp(126): error in "AlertApplies": check alert.CheckSignature() failed
test/alert_tests.cpp(126): error in "AlertApplies": check alert.CheckSignature() failed
test/alert_tests.cpp(126): error in "AlertApplies": check alert.CheckSignature() failed
test/alert_tests.cpp(126): error in "AlertApplies": check alert.CheckSignature() failed
test/alert_tests.cpp(129): error in "AlertApplies": check alerts[0].AppliesTo(1, "") failed
test/alert_tests.cpp(130): error in "AlertApplies": check alerts[0].AppliesTo(70001, "") failed
test/alert_tests.cpp(131): error in "AlertApplies": check alerts[0].AppliesTo(1, "/Satoshi:11.11.11/") failed
test/alert_tests.cpp(133): error in "AlertApplies": check alerts[1].AppliesTo(1, "/Satoshi:0.1.0/") failed
test/alert_tests.cpp(134): error in "AlertApplies": check alerts[1].AppliesTo(70001, "/Satoshi:0.1.0/") failed
test/alert_tests.cpp(136): error in "AlertApplies": check alerts[2].AppliesTo(1, "/Satoshi:0.1.0/") failed
test/alert_tests.cpp(137): error in "AlertApplies": check alerts[2].AppliesTo(1, "/Satoshi:0.2.0/") failed
test/DoS_tests.cpp(135): error in "DoS_checknbits": check !CheckNBits(firstcheck.second, lastcheck.first+60*60*24*14, lastcheck.second, lastcheck.first) failed
test/Checkpoints_tests.cpp(24): error in "sanity": check !Checkpoints::CheckBlock(1500, p120000) failed
test/Checkpoints_tests.cpp(25): error in "sanity": check !Checkpoints::CheckBlock(120000, p1500) failed

*** 23 failures detected in test suite "newyorkc Test Suite"